* 27ecd47 : Revert "Remove All code"
* fefb7ff : Revert "Add BG Image"
* 37e4d92 : Revert "Remove All code"
* a7ea8c8 : Remove All code And start again with BULMA CSS Framework
* 8cff2e4 : Add Main Home Page Image
* f386900 : Add BG Image
* 90df216 : Centered Typing Style and Commented Remove Style
* cd4f058 : Typing style text centered and delayed text remove
* 25f4a59 : Delete This is the log
* 069ad24 : Add Typing style text Add Typing style and delayed style text Add Vanilla Javascript code for delayed text
* 563e319 : Add Navbar and scroll hide option
* 125a199 : Making of a new portfolio
* ce67349 : New Branch - Portfolio-with-Bulma
* b66d6a0 : Nothing Changed
* 01fedc2 : Remove Font-Awesome
* 2f8f41d : Add Font Awesome
* b3ee78f : Responsive codes added in style sheet
* 8e94e37 : Portfolio Redesigned
* 360ee79 : Files Changed
* fb8bbeb : Updated and resized photo
* e721613 : Nothing Serious
* c44e2c9 : Add CSS hover functionality
* 76bd7f6 : Change background color behind name
* f89a6f5 : Add Sample project: Tribute page
* 0f243bb : Add responsive image
* f607356 : Add responsive image
* f66036c : Add comments and About Me section
* 697f18d : Add jQuery CDN from Google
* 925344f : Add Bootstrap
* 3117ca6 : Add skills
* 2eed9b6 : Rename Portfolio.html to index.html
* f1cc609 : Add portfolio files
* 9b78067 : Initial commit